\BOOKMARK [0][-]{Doc-Start}{口試委員會審定書}{}% 1
\BOOKMARK [0][-]{chapter*.1}{誌謝}{}% 2
\BOOKMARK [0][-]{chapter*.2}{摘要}{}% 3
\BOOKMARK [0][-]{chapter*.3}{Abstract}{}% 4
\BOOKMARK [0][-]{chapter.1}{緒論}{}% 5
\BOOKMARK [1][-]{section.1.1}{研究背景}{chapter.1}% 6
\BOOKMARK [1][-]{section.1.2}{研究動機與目的}{chapter.1}% 7
\BOOKMARK [1][-]{section.1.3}{研究流程規劃}{chapter.1}% 8
\BOOKMARK [1][-]{section.1.4}{章節概要}{chapter.1}% 9
\BOOKMARK [0][-]{chapter.2}{背景技術介紹}{}% 10
\BOOKMARK [1][-]{section.2.1}{web\040app}{chapter.2}% 11
\BOOKMARK [1][-]{section.2.2}{HTML與CSS}{chapter.2}% 12
\BOOKMARK [1][-]{section.2.3}{javascript}{chapter.2}% 13
\BOOKMARK [2][-]{subsection.2.3.1}{vue.js}{section.2.3}% 14
\BOOKMARK [2][-]{subsection.2.3.2}{jquery}{section.2.3}% 15
\BOOKMARK [1][-]{section.2.4}{Firebase}{chapter.2}% 16
\BOOKMARK [1][-]{section.2.5}{python}{chapter.2}% 17
\BOOKMARK [2][-]{subsection.2.5.1}{機器學習相關}{section.2.5}% 18
\BOOKMARK [2][-]{subsection.2.5.2}{Colab}{section.2.5}% 19
\BOOKMARK [0][-]{chapter.3}{系統架構與規劃}{}% 20
\BOOKMARK [1][-]{section.3.1}{系統前半js與html之偵測}{chapter.3}% 21
\BOOKMARK [2][-]{subsection.3.1.1}{模擬平台}{section.3.1}% 22
\BOOKMARK [2][-]{subsection.3.1.2}{計算}{section.3.1}% 23
\BOOKMARK [2][-]{subsection.3.1.3}{輸出}{section.3.1}% 24
\BOOKMARK [1][-]{section.3.2}{系統後半colab分析部分}{chapter.3}% 25
\BOOKMARK [2][-]{subsection.3.2.1}{製造測試數據}{section.3.2}% 26
\BOOKMARK [2][-]{subsection.3.2.2}{分析數據部分}{section.3.2}% 27
\BOOKMARK [0][-]{chapter.4}{實驗與執行結果}{}% 28
\BOOKMARK [1][-]{section.4.1}{網頁平台數據結果}{chapter.4}% 29
\BOOKMARK [1][-]{section.4.2}{python的討論分析}{chapter.4}% 30
\BOOKMARK [1][-]{section.4.3}{結果討論}{chapter.4}% 31
\BOOKMARK [2][-]{subsection.4.3.1}{html網頁偵測部份}{section.4.3}% 32
\BOOKMARK [2][-]{subsection.4.3.2}{python分析部分討論}{section.4.3}% 33
\BOOKMARK [0][-]{chapter.5}{結果討論與未來展望}{}% 34
\BOOKMARK [0][-]{chapter.5}{Bibliography}{}% 35
