This is XeTeX, Version 3.14159265-2.6-0.999991 (MiKTeX 2.9.7000 64-bit) (preloaded format=xelatex 2019.5.16)  19 JUN 2019 15:25
entering extended mode
**./系統架構與規劃.tex
(系統架構與規劃.tex
LaTeX2e <2018-12-01>
! Undefined control sequence.
l.1 \chapter
            {系統架構與規劃}
The control sequence at the end of the top line
of your error message was never \def'ed. If you have
misspelled it (e.g., `\hobx'), type `I' and the correct
spelling (e.g., `I\hbox'). Otherwise just continue,
and I'll forget about whatever was undefined.


! LaTeX Error: Missing \begin{document}.

See the LaTeX manual or LaTeX Companion for explanation.
Type  H <return>  for immediate help.
 ...                                              
                                                  
l.1 \chapter{系
              統架構與規劃}
You're in trouble here.  Try typing  <return>  to proceed.
If that doesn't work, type  X <return>  to quit.

Missing character: There is no 系 in font nullfont!
Missing character: There is no 統 in font nullfont!
Missing character: There is no 架 in font nullfont!
Missing character: There is no 構 in font nullfont!
Missing character: There is no 與 in font nullfont!
Missing character: There is no 規 in font nullfont!
Missing character: There is no 劃 in font nullfont!
Missing character: There is no 本 in font nullfont!
Missing character: There is no 章 in font nullfont!
Missing character: There is no 介 in font nullfont!
Missing character: There is no 紹 in font nullfont!
Missing character: There is no 系 in font nullfont!
Missing character: There is no 統 in font nullfont!
Missing character: There is no 架 in font nullfont!
Missing character: There is no 構 in font nullfont!
Missing character: There is no 與 in font nullfont!
Missing character: There is no 佈 in font nullfont!
Missing character: There is no 局 in font nullfont!
Missing character: There is no 規 in font nullfont!
Missing character: There is no 劃 in font nullfont!
Missing character: There is no 。 in font nullfont!

Overfull \hbox (20.0pt too wide) in paragraph at lines 1--4
[]
 []

! Undefined control sequence.
l.5 \section
            {系統前半js與html之偵測}
The control sequence at the end of the top line
of your error message was never \def'ed. If you have
misspelled it (e.g., `\hobx'), type `I' and the correct
spelling (e.g., `I\hbox'). Otherwise just continue,
and I'll forget about whatever was undefined.


! LaTeX Error: Missing \begin{document}.

See the LaTeX manual or LaTeX Companion for explanation.
Type  H <return>  for immediate help.
 ...                                              
                                                  
l.5 \section{系
              統前半js與html之偵測}
You're in trouble here.  Try typing  <return>  to proceed.
If that doesn't work, type  X <return>  to quit.

Missing character: There is no 系 in font nullfont!
Missing character: There is no 統 in font nullfont!
Missing character: There is no 前 in font nullfont!
Missing character: There is no 半 in font nullfont!
Missing character: There is no j in font nullfont!
Missing character: There is no s in font nullfont!
Missing character: There is no 與 in font nullfont!
Missing character: There is no h in font nullfont!
Missing character: There is no t in font nullfont!
Missing character: There is no m in font nullfont!
Missing character: There is no l in font nullfont!
Missing character: There is no 之 in font nullfont!
Missing character: There is no 偵 in font nullfont!
Missing character: There is no 測 in font nullfont!
Missing character: There is no 本 in font nullfont!
Missing character: There is no 研 in font nullfont!
Missing character: There is no 究 in font nullfont!
Missing character: There is no 欲 in font nullfont!
Missing character: There is no 建 in font nullfont!
Missing character: There is no 設 in font nullfont!
Missing character: There is no 一 in font nullfont!
Missing character: There is no 模 in font nullfont!
Missing character: There is no 擬 in font nullfont!
Missing character: There is no 的 in font nullfont!
Missing character: There is no 平 in font nullfont!
Missing character: There is no 台 in font nullfont!
Missing character: There is no ， in font nullfont!
Missing character: There is no 在 in font nullfont!
Missing character: There is no 此 in font nullfont!
Missing character: There is no 使 in font nullfont!
Missing character: There is no 用 in font nullfont!
Missing character: There is no 者 in font nullfont!
Missing character: There is no 可 in font nullfont!
Missing character: There is no 以 in font nullfont!
Missing character: There is no 打 in font nullfont!
Missing character: There is no 字 in font nullfont!
Missing character: There is no 於 in font nullfont!
Missing character: There is no 一 in font nullfont!
Missing character: There is no 框 in font nullfont!
Missing character: There is no 內 in font nullfont!
Missing character: There is no ， in font nullfont!
Missing character: There is no 此 in font nullfont!
Missing character: There is no 框 in font nullfont!
Missing character: There is no 能 in font nullfont!
Missing character: There is no 傳 in font nullfont!
Missing character: There is no 送 in font nullfont!
Missing character: There is no 使 in font nullfont!
Missing character: There is no 用 in font nullfont!
Missing character: There is no 者 in font nullfont!
Missing character: There is no 所 in font nullfont!
Missing character: There is no 打 in font nullfont!
Missing character: There is no 出 in font nullfont!
Missing character: There is no 的 in font nullfont!
Missing character: There is no 文 in font nullfont!
Missing character: There is no 字 in font nullfont!
Missing character: There is no 與 in font nullfont!
Missing character: There is no 計 in font nullfont!
Missing character: There is no 算 in font nullfont!
Missing character: There is no 時 in font nullfont!
Missing character: There is no 間 in font nullfont!
Missing character: There is no 的 in font nullfont!
Missing character: There is no 數 in font nullfont!
Missing character: There is no 據 in font nullfont!
Missing character: There is no 至 in font nullfont!
Missing character: There is no 往 in font nullfont!
Missing character: There is no 後 in font nullfont!
Missing character: There is no 的 in font nullfont!
Missing character: There is no 分 in font nullfont!
Missing character: There is no 析 in font nullfont!
Missing character: There is no 系 in font nullfont!
Missing character: There is no 統 in font nullfont!
Missing character: There is no 裡 in font nullfont!
Missing character: There is no 。 in font nullfont!
)
! Emergency stop.
<*> ./系統架構與規劃.tex
                 
*** (job aborted, no legal \end found)

 
Here is how much of TeX's memory you used:
 5 strings out of 427748
 49 string characters out of 3146822
 63543 words of memory out of 3000000
 4140 multiletter control sequences out of 15000+200000
 3640 words of font info for 14 fonts, out of 3000000 for 9000
 1328 hyphenation exceptions out of 8191
 5i,0n,4p,75b,16s stack positions out of 5000i,500n,10000p,200000b,50000s
No pages of output.
